{"E:\\Asset management system\\backend\\server.js": {"path":"E:\\Asset management system\\backend\\server.js","statementMap":{"0":{"start":{"line":1,"column":16},"end":{"line":1,"column":34}},"1":{"start":{"line":2,"column":16},"end":{"line":2,"column":44}},"2":{"start":{"line":3,"column":15},"end":{"line":3,"column":34}},"3":{"start":{"line":4,"column":12},"end":{"line":4,"column":35}},"4":{"start":{"line":5,"column":13},"end":{"line":5,"column":28}},"5":{"start":{"line":6,"column":35},"end":{"line":6,"column":63}},"6":{"start":{"line":8,"column":12},"end":{"line":8,"column":21}},"7":{"start":{"line":9,"column":13},"end":{"line":9,"column":37}},"8":{"start":{"line":10,"column":19},"end":{"line":10,"column":45}},"9":{"start":{"line":12,"column":0},"end":{"line":12,"column":16}},"10":{"start":{"line":13,"column":0},"end":{"line":13,"column":24}},"11":{"start":{"line":15,"column":11},"end":{"line":15,"column":43}},"12":{"start":{"line":17,"column":0},"end":{"line":36,"column":3}},"13":{"start":{"line":18,"column":2},"end":{"line":22,"column":6}},"14":{"start":{"line":24,"column":2},"end":{"line":32,"column":6}},"15":{"start":{"line":34,"column":25},"end":{"line":34,"column":56}},"16":{"start":{"line":35,"column":2},"end":{"line":35,"column":92}},"17":{"start":{"line":38,"column":26},"end":{"line":53,"column":1}},"18":{"start":{"line":39,"column":21},"end":{"line":39,"column":49}},"19":{"start":{"line":40,"column":16},"end":{"line":40,"column":54}},"20":{"start":{"line":42,"column":2},"end":{"line":44,"column":3}},"21":{"start":{"line":43,"column":4},"end":{"line":43,"column":68}},"22":{"start":{"line":46,"column":2},"end":{"line":52,"column":5}},"23":{"start":{"line":47,"column":4},"end":{"line":49,"column":5}},"24":{"start":{"line":48,"column":6},"end":{"line":48,"column":62}},"25":{"start":{"line":50,"column":4},"end":{"line":50,"column":20}},"26":{"start":{"line":51,"column":4},"end":{"line":51,"column":11}},"27":{"start":{"line":55,"column":24},"end":{"line":58,"column":1}},"28":{"start":{"line":60,"column":0},"end":{"line":80,"column":3}},"29":{"start":{"line":61,"column":17},"end":{"line":61,"column":38}},"30":{"start":{"line":62,"column":2},"end":{"line":64,"column":3}},"31":{"start":{"line":63,"column":4},"end":{"line":63,"column":60}},"32":{"start":{"line":66,"column":33},"end":{"line":66,"column":41}},"33":{"start":{"line":68,"column":2},"end":{"line":79,"column":5}},"34":{"start":{"line":69,"column":4},"end":{"line":71,"column":5}},"35":{"start":{"line":70,"column":6},"end":{"line":70,"column":63}},"36":{"start":{"line":73,"column":4},"end":{"line":75,"column":5}},"37":{"start":{"line":74,"column":6},"end":{"line":74,"column":68}},"38":{"start":{"line":77,"column":18},"end":{"line":77,"column":106}},"39":{"start":{"line":78,"column":4},"end":{"line":78,"column":72}},"40":{"start":{"line":82,"column":24},"end":{"line":87,"column":1}},"41":{"start":{"line":89,"column":0},"end":{"line":118,"column":3}},"42":{"start":{"line":90,"column":39},"end":{"line":90,"column":48}},"43":{"start":{"line":91,"column":14},"end":{"line":91,"column":46}},"44":{"start":{"line":92,"column":17},"end":{"line":92,"column":19}},"45":{"start":{"line":94,"column":2},"end":{"line":97,"column":3}},"46":{"start":{"line":95,"column":4},"end":{"line":95,"column":33}},"47":{"start":{"line":96,"column":4},"end":{"line":96,"column":26}},"48":{"start":{"line":99,"column":2},"end":{"line":102,"column":3}},"49":{"start":{"line":100,"column":4},"end":{"line":100,"column":31}},"50":{"start":{"line":101,"column":4},"end":{"line":101,"column":24}},"51":{"start":{"line":104,"column":2},"end":{"line":108,"column":3}},"52":{"start":{"line":105,"column":4},"end":{"line":105,"column":75}},"53":{"start":{"line":106,"column":24},"end":{"line":106,"column":37}},"54":{"start":{"line":107,"column":4},"end":{"line":107,"column":55}},"55":{"start":{"line":110,"column":2},"end":{"line":110,"column":39}},"56":{"start":{"line":112,"column":2},"end":{"line":117,"column":5}},"57":{"start":{"line":113,"column":4},"end":{"line":115,"column":5}},"58":{"start":{"line":114,"column":6},"end":{"line":114,"column":63}},"59":{"start":{"line":116,"column":4},"end":{"line":116,"column":19}},"60":{"start":{"line":120,"column":0},"end":{"line":145,"column":3}},"61":{"start":{"line":121,"column":17},"end":{"line":121,"column":38}},"62":{"start":{"line":122,"column":2},"end":{"line":124,"column":3}},"63":{"start":{"line":123,"column":4},"end":{"line":123,"column":60}},"64":{"start":{"line":126,"column":60},"end":{"line":126,"column":68}},"65":{"start":{"line":128,"column":2},"end":{"line":130,"column":3}},"66":{"start":{"line":129,"column":4},"end":{"line":129,"column":80}},"67":{"start":{"line":132,"column":2},"end":{"line":144,"column":4}},"68":{"start":{"line":136,"column":6},"end":{"line":141,"column":7}},"69":{"start":{"line":137,"column":8},"end":{"line":139,"column":9}},"70":{"start":{"line":138,"column":10},"end":{"line":138,"column":76}},"71":{"start":{"line":140,"column":8},"end":{"line":140,"column":65}},"72":{"start":{"line":142,"column":6},"end":{"line":142,"column":95}},"73":{"start":{"line":147,"column":0},"end":{"line":173,"column":3}},"74":{"start":{"line":148,"column":17},"end":{"line":148,"column":38}},"75":{"start":{"line":149,"column":2},"end":{"line":151,"column":3}},"76":{"start":{"line":150,"column":4},"end":{"line":150,"column":60}},"77":{"start":{"line":153,"column":17},"end":{"line":153,"column":27}},"78":{"start":{"line":154,"column":60},"end":{"line":154,"column":68}},"79":{"start":{"line":156,"column":2},"end":{"line":158,"column":3}},"80":{"start":{"line":157,"column":4},"end":{"line":157,"column":80}},"81":{"start":{"line":160,"column":2},"end":{"line":172,"column":4}},"82":{"start":{"line":164,"column":6},"end":{"line":166,"column":7}},"83":{"start":{"line":165,"column":8},"end":{"line":165,"column":65}},"84":{"start":{"line":167,"column":6},"end":{"line":169,"column":7}},"85":{"start":{"line":168,"column":8},"end":{"line":168,"column":66}},"86":{"start":{"line":170,"column":6},"end":{"line":170,"column":84}},"87":{"start":{"line":175,"column":0},"end":{"line":187,"column":3}},"88":{"start":{"line":176,"column":17},"end":{"line":176,"column":27}},"89":{"start":{"line":178,"column":2},"end":{"line":186,"column":5}},"90":{"start":{"line":179,"column":4},"end":{"line":181,"column":5}},"91":{"start":{"line":180,"column":6},"end":{"line":180,"column":63}},"92":{"start":{"line":182,"column":4},"end":{"line":184,"column":5}},"93":{"start":{"line":183,"column":6},"end":{"line":183,"column":64}},"94":{"start":{"line":185,"column":4},"end":{"line":185,"column":56}},"95":{"start":{"line":189,"column":0},"end":{"line":193,"column":1}},"96":{"start":{"line":190,"column":2},"end":{"line":192,"column":5}},"97":{"start":{"line":191,"column":4},"end":{"line":191,"column":50}},"98":{"start":{"line":195,"column":0},"end":{"line":195,"column":21}}},"fnMap":{"0":{"name":"(anonymous_0)","decl":{"start":{"line":17,"column":13},"end":{"line":17,"column":14}},"loc":{"start":{"line":17,"column":19},"end":{"line":36,"column":1}},"line":17},"1":{"name":"(anonymous_1)","decl":{"start":{"line":38,"column":26},"end":{"line":38,"column":27}},"loc":{"start":{"line":38,"column":46},"end":{"line":53,"column":1}},"line":38},"2":{"name":"(anonymous_2)","decl":{"start":{"line":46,"column":32},"end":{"line":46,"column":33}},"loc":{"start":{"line":46,"column":47},"end":{"line":52,"column":3}},"line":46},"3":{"name":"(anonymous_3)","decl":{"start":{"line":60,"column":41},"end":{"line":60,"column":42}},"loc":{"start":{"line":60,"column":61},"end":{"line":80,"column":1}},"line":60},"4":{"name":"(anonymous_4)","decl":{"start":{"line":68,"column":63},"end":{"line":68,"column":64}},"loc":{"start":{"line":68,"column":84},"end":{"line":79,"column":3}},"line":68},"5":{"name":"(anonymous_5)","decl":{"start":{"line":89,"column":38},"end":{"line":89,"column":39}},"loc":{"start":{"line":89,"column":52},"end":{"line":118,"column":1}},"line":89},"6":{"name":"(anonymous_6)","decl":{"start":{"line":112,"column":24},"end":{"line":112,"column":25}},"loc":{"start":{"line":112,"column":39},"end":{"line":117,"column":3}},"line":112},"7":{"name":"(anonymous_7)","decl":{"start":{"line":120,"column":56},"end":{"line":120,"column":57}},"loc":{"start":{"line":120,"column":70},"end":{"line":145,"column":1}},"line":120},"8":{"name":"(anonymous_8)","decl":{"start":{"line":135,"column":4},"end":{"line":135,"column":5}},"loc":{"start":{"line":135,"column":18},"end":{"line":143,"column":5}},"line":135},"9":{"name":"(anonymous_9)","decl":{"start":{"line":147,"column":59},"end":{"line":147,"column":60}},"loc":{"start":{"line":147,"column":73},"end":{"line":173,"column":1}},"line":147},"10":{"name":"(anonymous_10)","decl":{"start":{"line":163,"column":4},"end":{"line":163,"column":5}},"loc":{"start":{"line":163,"column":18},"end":{"line":171,"column":5}},"line":163},"11":{"name":"(anonymous_11)","decl":{"start":{"line":175,"column":45},"end":{"line":175,"column":46}},"loc":{"start":{"line":175,"column":59},"end":{"line":187,"column":1}},"line":175},"12":{"name":"(anonymous_12)","decl":{"start":{"line":178,"column":50},"end":{"line":178,"column":51}},"loc":{"start":{"line":178,"column":64},"end":{"line":186,"column":3}},"line":178},"13":{"name":"(anonymous_13)","decl":{"start":{"line":190,"column":19},"end":{"line":190,"column":20}},"loc":{"start":{"line":190,"column":25},"end":{"line":192,"column":3}},"line":190}},"branchMap":{"0":{"loc":{"start":{"line":9,"column":13},"end":{"line":9,"column":37}},"type":"binary-expr","locations":[{"start":{"line":9,"column":13},"end":{"line":9,"column":29}},{"start":{"line":9,"column":33},"end":{"line":9,"column":37}}],"line":9},"1":{"loc":{"start":{"line":40,"column":16},"end":{"line":40,"column":54}},"type":"binary-expr","locations":[{"start":{"line":40,"column":16},"end":{"line":40,"column":26}},{"start":{"line":40,"column":30},"end":{"line":40,"column":54}}],"line":40},"2":{"loc":{"start":{"line":42,"column":2},"end":{"line":44,"column":3}},"type":"if","locations":[{"start":{"line":42,"column":2},"end":{"line":44,"column":3}},{"start":{},"end":{}}],"line":42},"3":{"loc":{"start":{"line":47,"column":4},"end":{"line":49,"column":5}},"type":"if","locations":[{"start":{"line":47,"column":4},"end":{"line":49,"column":5}},{"start":{},"end":{}}],"line":47},"4":{"loc":{"start":{"line":62,"column":2},"end":{"line":64,"column":3}},"type":"if","locations":[{"start":{"line":62,"column":2},"end":{"line":64,"column":3}},{"start":{},"end":{}}],"line":62},"5":{"loc":{"start":{"line":69,"column":4},"end":{"line":71,"column":5}},"type":"if","locations":[{"start":{"line":69,"column":4},"end":{"line":71,"column":5}},{"start":{},"end":{}}],"line":69},"6":{"loc":{"start":{"line":73,"column":4},"end":{"line":75,"column":5}},"type":"if","locations":[{"start":{"line":73,"column":4},"end":{"line":75,"column":5}},{"start":{},"end":{}}],"line":73},"7":{"loc":{"start":{"line":73,"column":8},"end":{"line":73,"column":65}},"type":"binary-expr","locations":[{"start":{"line":73,"column":8},"end":{"line":73,"column":13}},{"start":{"line":73,"column":17},"end":{"line":73,"column":65}}],"line":73},"8":{"loc":{"start":{"line":94,"column":2},"end":{"line":97,"column":3}},"type":"if","locations":[{"start":{"line":94,"column":2},"end":{"line":97,"column":3}},{"start":{},"end":{}}],"line":94},"9":{"loc":{"start":{"line":99,"column":2},"end":{"line":102,"column":3}},"type":"if","locations":[{"start":{"line":99,"column":2},"end":{"line":102,"column":3}},{"start":{},"end":{}}],"line":99},"10":{"loc":{"start":{"line":104,"column":2},"end":{"line":108,"column":3}},"type":"if","locations":[{"start":{"line":104,"column":2},"end":{"line":108,"column":3}},{"start":{},"end":{}}],"line":104},"11":{"loc":{"start":{"line":113,"column":4},"end":{"line":115,"column":5}},"type":"if","locations":[{"start":{"line":113,"column":4},"end":{"line":115,"column":5}},{"start":{},"end":{}}],"line":113},"12":{"loc":{"start":{"line":122,"column":2},"end":{"line":124,"column":3}},"type":"if","locations":[{"start":{"line":122,"column":2},"end":{"line":124,"column":3}},{"start":{},"end":{}}],"line":122},"13":{"loc":{"start":{"line":128,"column":2},"end":{"line":130,"column":3}},"type":"if","locations":[{"start":{"line":128,"column":2},"end":{"line":130,"column":3}},{"start":{},"end":{}}],"line":128},"14":{"loc":{"start":{"line":128,"column":6},"end":{"line":128,"column":40}},"type":"binary-expr","locations":[{"start":{"line":128,"column":6},"end":{"line":128,"column":25}},{"start":{"line":128,"column":29},"end":{"line":128,"column":40}}],"line":128},"15":{"loc":{"start":{"line":134,"column":39},"end":{"line":134,"column":58}},"type":"binary-expr","locations":[{"start":{"line":134,"column":39},"end":{"line":134,"column":50}},{"start":{"line":134,"column":54},"end":{"line":134,"column":58}}],"line":134},"16":{"loc":{"start":{"line":136,"column":6},"end":{"line":141,"column":7}},"type":"if","locations":[{"start":{"line":136,"column":6},"end":{"line":141,"column":7}},{"start":{},"end":{}}],"line":136},"17":{"loc":{"start":{"line":137,"column":8},"end":{"line":139,"column":9}},"type":"if","locations":[{"start":{"line":137,"column":8},"end":{"line":139,"column":9}},{"start":{},"end":{}}],"line":137},"18":{"loc":{"start":{"line":149,"column":2},"end":{"line":151,"column":3}},"type":"if","locations":[{"start":{"line":149,"column":2},"end":{"line":151,"column":3}},{"start":{},"end":{}}],"line":149},"19":{"loc":{"start":{"line":156,"column":2},"end":{"line":158,"column":3}},"type":"if","locations":[{"start":{"line":156,"column":2},"end":{"line":158,"column":3}},{"start":{},"end":{}}],"line":156},"20":{"loc":{"start":{"line":156,"column":6},"end":{"line":156,"column":40}},"type":"binary-expr","locations":[{"start":{"line":156,"column":6},"end":{"line":156,"column":25}},{"start":{"line":156,"column":29},"end":{"line":156,"column":40}}],"line":156},"21":{"loc":{"start":{"line":162,"column":39},"end":{"line":162,"column":58}},"type":"binary-expr","locations":[{"start":{"line":162,"column":39},"end":{"line":162,"column":50}},{"start":{"line":162,"column":54},"end":{"line":162,"column":58}}],"line":162},"22":{"loc":{"start":{"line":164,"column":6},"end":{"line":166,"column":7}},"type":"if","locations":[{"start":{"line":164,"column":6},"end":{"line":166,"column":7}},{"start":{},"end":{}}],"line":164},"23":{"loc":{"start":{"line":167,"column":6},"end":{"line":169,"column":7}},"type":"if","locations":[{"start":{"line":167,"column":6},"end":{"line":169,"column":7}},{"start":{},"end":{}}],"line":167},"24":{"loc":{"start":{"line":179,"column":4},"end":{"line":181,"column":5}},"type":"if","locations":[{"start":{"line":179,"column":4},"end":{"line":181,"column":5}},{"start":{},"end":{}}],"line":179},"25":{"loc":{"start":{"line":182,"column":4},"end":{"line":184,"column":5}},"type":"if","locations":[{"start":{"line":182,"column":4},"end":{"line":184,"column":5}},{"start":{},"end":{}}],"line":182},"26":{"loc":{"start":{"line":189,"column":0},"end":{"line":193,"column":1}},"type":"if","locations":[{"start":{"line":189,"column":0},"end":{"line":193,"column":1}},{"start":{},"end":{}}],"line":189}},"s":{"0":3,"1":3,"2":3,"3":3,"4":3,"5":3,"6":3,"7":3,"8":3,"9":3,"10":3,"11":3,"12":3,"13":3,"14":3,"15":3,"16":3,"17":3,"18":19,"19":19,"20":19,"21":1,"22":18,"23":18,"24":1,"25":17,"26":17,"27":3,"28":3,"29":6,"30":6,"31":1,"32":5,"33":5,"34":5,"35":0,"36":5,"37":2,"38":3,"39":3,"40":3,"41":3,"42":6,"43":6,"44":6,"45":6,"46":1,"47":1,"48":6,"49":0,"50":0,"51":6,"52":2,"53":2,"54":2,"55":6,"56":6,"57":6,"58":0,"59":6,"60":3,"61":5,"62":5,"63":1,"64":4,"65":4,"66":2,"67":2,"68":2,"69":0,"70":0,"71":0,"72":2,"73":3,"74":3,"75":3,"76":0,"77":3,"78":3,"79":3,"80":0,"81":3,"82":3,"83":0,"84":3,"85":1,"86":2,"87":3,"88":3,"89":3,"90":3,"91":0,"92":3,"93":1,"94":2,"95":3,"96":0,"97":0,"98":3},"f":{"0":3,"1":19,"2":18,"3":6,"4":5,"5":6,"6":6,"7":5,"8":2,"9":3,"10":3,"11":3,"12":3,"13":0},"b":{"0":[3,3],"1":[19,18],"2":[1,18],"3":[1,17],"4":[1,5],"5":[0,5],"6":[2,3],"7":[5,4],"8":[1,5],"9":[0,6],"10":[2,4],"11":[0,6],"12":[1,4],"13":[2,2],"14":[4,2],"15":[2,2],"16":[0,2],"17":[0,0],"18":[0,3],"19":[0,3],"20":[3,0],"21":[3,1],"22":[0,3],"23":[1,2],"24":[0,3],"25":[1,2],"26":[0,3]},"_coverageSchema":"1a1c01bbd47fc00a2c39e90264f33305004495a9","hash":"a799720730cfc115348929d14fbf71ef1ffcadb6"}
}
