TN:
SF:server.js
FN:17,(anonymous_0)
FN:38,(anonymous_1)
FN:46,(anonymous_2)
FN:60,(anonymous_3)
FN:68,(anonymous_4)
FN:89,(anonymous_5)
FN:112,(anonymous_6)
FN:120,(anonymous_7)
FN:135,(anonymous_8)
FN:147,(anonymous_9)
FN:163,(anonymous_10)
FN:175,(anonymous_11)
FN:178,(anonymous_12)
FN:190,(anonymous_13)
FNF:14
FNH:13
FNDA:3,(anonymous_0)
FNDA:19,(anonymous_1)
FNDA:18,(anonymous_2)
FNDA:6,(anonymous_3)
FNDA:5,(anonymous_4)
FNDA:6,(anonymous_5)
FNDA:6,(anonymous_6)
FNDA:5,(anonymous_7)
FNDA:2,(anonymous_8)
FNDA:3,(anonymous_9)
FNDA:3,(anonymous_10)
FNDA:3,(anonymous_11)
FNDA:3,(anonymous_12)
FNDA:0,(anonymous_13)
DA:1,3
DA:2,3
DA:3,3
DA:4,3
DA:5,3
DA:6,3
DA:8,3
DA:9,3
DA:10,3
DA:12,3
DA:13,3
DA:15,3
DA:17,3
DA:18,3
DA:24,3
DA:34,3
DA:35,3
DA:38,3
DA:39,19
DA:40,19
DA:42,19
DA:43,1
DA:46,18
DA:47,18
DA:48,1
DA:50,17
DA:51,17
DA:55,3
DA:60,3
DA:61,6
DA:62,6
DA:63,1
DA:66,5
DA:68,5
DA:69,5
DA:70,0
DA:73,5
DA:74,2
DA:77,3
DA:78,3
DA:82,3
DA:89,3
DA:90,6
DA:91,6
DA:92,6
DA:94,6
DA:95,1
DA:96,1
DA:99,6
DA:100,0
DA:101,0
DA:104,6
DA:105,2
DA:106,2
DA:107,2
DA:110,6
DA:112,6
DA:113,6
DA:114,0
DA:116,6
DA:120,3
DA:121,5
DA:122,5
DA:123,1
DA:126,4
DA:128,4
DA:129,2
DA:132,2
DA:136,2
DA:137,0
DA:138,0
DA:140,0
DA:142,2
DA:147,3
DA:148,3
DA:149,3
DA:150,0
DA:153,3
DA:154,3
DA:156,3
DA:157,0
DA:160,3
DA:164,3
DA:165,0
DA:167,3
DA:168,1
DA:170,2
DA:175,3
DA:176,3
DA:178,3
DA:179,3
DA:180,0
DA:182,3
DA:183,1
DA:185,2
DA:189,3
DA:190,0
DA:191,0
DA:195,3
LF:99
LH:86
BRDA:9,0,0,3
BRDA:9,0,1,3
BRDA:40,1,0,19
BRDA:40,1,1,18
BRDA:42,2,0,1
BRDA:42,2,1,18
BRDA:47,3,0,1
BRDA:47,3,1,17
BRDA:62,4,0,1
BRDA:62,4,1,5
BRDA:69,5,0,0
BRDA:69,5,1,5
BRDA:73,6,0,2
BRDA:73,6,1,3
BRDA:73,7,0,5
BRDA:73,7,1,4
BRDA:94,8,0,1
BRDA:94,8,1,5
BRDA:99,9,0,0
BRDA:99,9,1,6
BRDA:104,10,0,2
BRDA:104,10,1,4
BRDA:113,11,0,0
BRDA:113,11,1,6
BRDA:122,12,0,1
BRDA:122,12,1,4
BRDA:128,13,0,2
BRDA:128,13,1,2
BRDA:128,14,0,4
BRDA:128,14,1,2
BRDA:134,15,0,2
BRDA:134,15,1,2
BRDA:136,16,0,0
BRDA:136,16,1,2
BRDA:137,17,0,0
BRDA:137,17,1,0
BRDA:149,18,0,0
BRDA:149,18,1,3
BRDA:156,19,0,0
BRDA:156,19,1,3
BRDA:156,20,0,3
BRDA:156,20,1,0
BRDA:162,21,0,3
BRDA:162,21,1,1
BRDA:164,22,0,0
BRDA:164,22,1,3
BRDA:167,23,0,1
BRDA:167,23,1,2
BRDA:179,24,0,0
BRDA:179,24,1,3
BRDA:182,25,0,1
BRDA:182,25,1,2
BRDA:189,26,0,0
BRDA:189,26,1,3
BRF:54
BRH:42
end_of_record
